<?xml version="1.0" encoding="UTF-8"?>
<testng-results ignored="0" total="2" passed="1" failed="1" skipped="0">
  <reporter-output>
  </reporter-output>
  <suite started-at="2021-03-20T11:31:13 IST" name="Default suite" finished-at="2021-03-20T11:32:07 IST" duration-ms="53815">
    <groups>
      <group name="regressionTest">
        <method signature="CreateContact.cretecontactwithORg()[pri:0, instance:com.crm.autodesk.contacttest.CreateContact@a3d8174]" name="cretecontactwithORg" class="com.crm.autodesk.contacttest.CreateContact"/>
      </group> <!-- regressionTest -->
      <group name="smokeTest">
        <method signature="CreateContact.cretecontact()[pri:0, instance:com.crm.autodesk.contacttest.CreateContact@a3d8174]" name="cretecontact" class="com.crm.autodesk.contacttest.CreateContact"/>
      </group> <!-- smokeTest -->
    </groups>
    <test started-at="2021-03-20T11:31:13 IST" name="Default test" finished-at="2021-03-20T11:32:07 IST" duration-ms="53815">
      <class name="com.crm.autodesk.contacttest.CreateContact">
        <test-method is-config="true" signature="configBS()[pri:0, instance:com.crm.autodesk.contacttest.CreateContact@a3d8174]" started-at="2021-03-20T11:31:13 IST" name="configBS" finished-at="2021-03-20T11:31:13 IST" duration-ms="13" status="PASS">
          <reporter-output>
          </reporter-output>
        </test-method> <!-- configBS -->
        <test-method is-config="true" signature="configBC()[pri:0, instance:com.crm.autodesk.contacttest.CreateContact@a3d8174]" started-at="2021-03-20T11:31:13 IST" name="configBC" finished-at="2021-03-20T11:31:28 IST" duration-ms="14286" status="PASS">
          <reporter-output>
          </reporter-output>
        </test-method> <!-- configBC -->
        <test-method is-config="true" signature="configBM()[pri:0, instance:com.crm.autodesk.contacttest.CreateContact@a3d8174]" started-at="2021-03-20T11:31:28 IST" name="configBM" finished-at="2021-03-20T11:31:30 IST" duration-ms="2870" status="PASS">
          <reporter-output>
          </reporter-output>
        </test-method> <!-- configBM -->
        <test-method signature="cretecontact()[pri:0, instance:com.crm.autodesk.contacttest.CreateContact@a3d8174]" started-at="2021-03-20T11:31:30 IST" name="cretecontact" finished-at="2021-03-20T11:31:42 IST" duration-ms="11560" status="PASS">
          <reporter-output>
          </reporter-output>
        </test-method> <!-- cretecontact -->
        <test-method is-config="true" signature="configAM()[pri:0, instance:com.crm.autodesk.contacttest.CreateContact@a3d8174]" started-at="2021-03-20T11:31:42 IST" name="configAM" finished-at="2021-03-20T11:31:43 IST" duration-ms="1453" status="PASS">
          <reporter-output>
          </reporter-output>
        </test-method> <!-- configAM -->
        <test-method is-config="true" signature="configBM()[pri:0, instance:com.crm.autodesk.contacttest.CreateContact@a3d8174]" started-at="2021-03-20T11:31:43 IST" name="configBM" finished-at="2021-03-20T11:31:46 IST" duration-ms="2421" status="PASS">
          <reporter-output>
          </reporter-output>
        </test-method> <!-- configBM -->
        <test-method signature="cretecontactwithORg()[pri:0, instance:com.crm.autodesk.contacttest.CreateContact@a3d8174]" started-at="2021-03-20T11:31:46 IST" name="cretecontactwithORg" finished-at="2021-03-20T11:32:05 IST" duration-ms="18655" status="FAIL">
          <exception class="org.openqa.selenium.InvalidArgumentException">
            <message>
              <![CDATA[Expected "handle" to be a string, got [object Undefined] undefined
Build info: version: '3.141.59', revision: 'e82be7d358', time: '2018-11-14T08:17:03'
System info: host: 'LAPTOP-J058G7D6', ip: '192.168.230.1', os.name: 'Windows 10', os.arch: 'amd64', os.version: '10.0', java.version: '14.0.2'
Driver info: org.openqa.selenium.firefox.FirefoxDriver
Capabilities {acceptInsecureCerts: true, browserName: firefox, browserVersion: 86.0.1, javascriptEnabled: true, moz:accessibilityChecks: false, moz:buildID: 20210310152336, moz:geckodriverVersion: 0.24.0, moz:headless: false, moz:processID: 22704, moz:profile: C:\Users\sunil m c\AppData\..., moz:shutdownTimeout: 60000, moz:useNonSpecCompliantPointerOrigin: false, moz:webdriverClick: true, pageLoadStrategy: normal, platform: WINDOWS, platformName: WINDOWS, platformVersion: 10.0, rotatable: false, setWindowRect: true, strictFileInteractability: false, timeouts: {implicit: 0, pageLoad: 300000, script: 30000}, unhandledPromptBehavior: dismiss and notify}
Session ID: f5708f8f-7e69-4ea0-8c49-520b0433c8a2]]>
            </message>
            <full-stacktrace>
              <![CDATA[org.openqa.selenium.InvalidArgumentException: Expected "handle" to be a string, got [object Undefined] undefined
Build info: version: '3.141.59', revision: 'e82be7d358', time: '2018-11-14T08:17:03'
System info: host: 'LAPTOP-J058G7D6', ip: '192.168.230.1', os.name: 'Windows 10', os.arch: 'amd64', os.version: '10.0', java.version: '14.0.2'
Driver info: org.openqa.selenium.firefox.FirefoxDriver
Capabilities {acceptInsecureCerts: true, browserName: firefox, browserVersion: 86.0.1, javascriptEnabled: true, moz:accessibilityChecks: false, moz:buildID: 20210310152336, moz:geckodriverVersion: 0.24.0, moz:headless: false, moz:processID: 22704, moz:profile: C:\Users\sunil m c\AppData\..., moz:shutdownTimeout: 60000, moz:useNonSpecCompliantPointerOrigin: false, moz:webdriverClick: true, pageLoadStrategy: normal, platform: WINDOWS, platformName: WINDOWS, platformVersion: 10.0, rotatable: false, setWindowRect: true, strictFileInteractability: false, timeouts: {implicit: 0, pageLoad: 300000, script: 30000}, unhandledPromptBehavior: dismiss and notify}
Session ID: f5708f8f-7e69-4ea0-8c49-520b0433c8a2
at java.base/jdk.internal.reflect.NativeConstructorAccessorImpl.newInstance0(Native Method)
at java.base/jdk.internal.reflect.NativeConstructorAccessorImpl.newInstance(NativeConstructorAccessorImpl.java:62)
at java.base/jdk.internal.reflect.DelegatingConstructorAccessorImpl.newInstance(DelegatingConstructorAccessorImpl.java:45)
at java.base/java.lang.reflect.Constructor.newInstanceWithCaller(Constructor.java:500)
at java.base/java.lang.reflect.Constructor.newInstance(Constructor.java:481)
at org.openqa.selenium.remote.http.W3CHttpResponseCodec.createException(W3CHttpResponseCodec.java:187)
at org.openqa.selenium.remote.http.W3CHttpResponseCodec.decode(W3CHttpResponseCodec.java:122)
at org.openqa.selenium.remote.http.W3CHttpResponseCodec.decode(W3CHttpResponseCodec.java:49)
at org.openqa.selenium.remote.HttpCommandExecutor.execute(HttpCommandExecutor.java:158)
at org.openqa.selenium.remote.service.DriverCommandExecutor.execute(DriverCommandExecutor.java:83)
at org.openqa.selenium.remote.RemoteWebDriver.execute(RemoteWebDriver.java:552)
at org.openqa.selenium.remote.RemoteWebDriver$RemoteTargetLocator.window(RemoteWebDriver.java:903)
at com.crm.comcast.genericlib.WebDriverUtiles.swicthToWindow(WebDriverUtiles.java:127)
at com.crm.comcast.objectrepositoryutility.CreateNewConatct.createContact(CreateNewConatct.java:47)
at com.crm.autodesk.contacttest.CreateContact.cretecontactwithORg(CreateContact.java:94)
at java.base/jdk.internal.reflect.NativeMethodAccessorImpl.invoke0(Native Method)
at java.base/jdk.internal.reflect.NativeMethodAccessorImpl.invoke(NativeMethodAccessorImpl.java:62)
at java.base/jdk.internal.reflect.DelegatingMethodAccessorImpl.invoke(DelegatingMethodAccessorImpl.java:43)
at java.base/java.lang.reflect.Method.invoke(Method.java:564)
at org.testng.internal.MethodInvocationHelper.invokeMethod(MethodInvocationHelper.java:132)
at org.testng.internal.TestInvoker.invokeMethod(TestInvoker.java:599)
at org.testng.internal.TestInvoker.invokeTestMethod(TestInvoker.java:174)
at org.testng.internal.MethodRunner.runInSequence(MethodRunner.java:46)
at org.testng.internal.TestInvoker$MethodInvocationAgent.invoke(TestInvoker.java:822)
at org.testng.internal.TestInvoker.invokeTestMethods(TestInvoker.java:147)
at org.testng.internal.TestMethodWorker.invokeTestMethods(TestMethodWorker.java:146)
at org.testng.internal.TestMethodWorker.run(TestMethodWorker.java:128)
at java.base/java.util.ArrayList.forEach(ArrayList.java:1511)
at org.testng.TestRunner.privateRun(TestRunner.java:764)
at org.testng.TestRunner.run(TestRunner.java:585)
at org.testng.SuiteRunner.runTest(SuiteRunner.java:384)
at org.testng.SuiteRunner.runSequentially(SuiteRunner.java:378)
at org.testng.SuiteRunner.privateRun(SuiteRunner.java:337)
at org.testng.SuiteRunner.run(SuiteRunner.java:286)
at org.testng.SuiteRunnerWorker.runSuite(SuiteRunnerWorker.java:53)
at org.testng.SuiteRunnerWorker.run(SuiteRunnerWorker.java:96)
at org.testng.TestNG.runSuitesSequentially(TestNG.java:1218)
at org.testng.TestNG.runSuitesLocally(TestNG.java:1140)
at org.testng.TestNG.runSuites(TestNG.java:1069)
at org.testng.TestNG.run(TestNG.java:1037)
at org.testng.remote.AbstractRemoteTestNG.run(AbstractRemoteTestNG.java:115)
at org.testng.remote.RemoteTestNG.initAndRun(RemoteTestNG.java:251)
at org.testng.remote.RemoteTestNG.main(RemoteTestNG.java:77)
]]>
            </full-stacktrace>
          </exception> <!-- org.openqa.selenium.InvalidArgumentException -->
          <reporter-output>
          </reporter-output>
        </test-method> <!-- cretecontactwithORg -->
        <test-method is-config="true" signature="configAM()[pri:0, instance:com.crm.autodesk.contacttest.CreateContact@a3d8174]" started-at="2021-03-20T11:32:05 IST" name="configAM" finished-at="2021-03-20T11:32:07 IST" duration-ms="1926" status="PASS">
          <reporter-output>
          </reporter-output>
        </test-method> <!-- configAM -->
        <test-method is-config="true" signature="configAC()[pri:0, instance:com.crm.autodesk.contacttest.CreateContact@a3d8174]" started-at="2021-03-20T11:32:07 IST" name="configAC" finished-at="2021-03-20T11:32:07 IST" duration-ms="100" status="PASS">
          <reporter-output>
          </reporter-output>
        </test-method> <!-- configAC -->
        <test-method is-config="true" signature="configAS()[pri:0, instance:com.crm.autodesk.contacttest.CreateContact@a3d8174]" started-at="2021-03-20T11:32:07 IST" name="configAS" finished-at="2021-03-20T11:32:07 IST" duration-ms="0" status="PASS">
          <reporter-output>
          </reporter-output>
        </test-method> <!-- configAS -->
      </class> <!-- com.crm.autodesk.contacttest.CreateContact -->
    </test> <!-- Default test -->
  </suite> <!-- Default suite -->
</testng-results>
